# JRE version: OpenJDK Runtime Environment (8.0_222-b10) (build 1.8.0_222-b10)
# Java VM: OpenJDK 64-Bit Server VM (25.222-b10 mixed mode linux-amd64 compressed oops)
Heap:
 PSYoungGen      total 194560K, used 51174K [0x000000071a600000, 0x000000072b800000, 0x00000007c0000000)
  eden space 173568K, 29% used [0x000000071a600000,0x000000071d7f99d0,0x0000000724f80000)
  from space 20992K, 0% used [0x0000000724f80000,0x0000000724f80000,0x0000000726400000)
  to   space 22016K, 0% used [0x000000072a280000,0x000000072a280000,0x000000072b800000)
 ParOldGen       total 367104K, used 31801K [0x00000005cf200000, 0x00000005e5880000, 0x000000071a600000)
  object space 367104K, 8% used [0x00000005cf200000,0x00000005d110e4c8,0x00000005e5880000)
 Metaspace       used 38334K, capacity 39650K, committed 39768K, reserved 1083392K
  class space    used 4493K, capacity 4972K, committed 4992K, reserved 1048576K
GC Heap History (14 events):
Event: 1.352 GC heap before
{Heap before GC invocations=1 (full 0):
 PSYoungGen      total 148992K, used 128000K [0x000000071a600000, 0x0000000724c00000, 0x00000007c0000000)
  eden space 128000K, 100% used [0x000000071a600000,0x0000000722300000,0x0000000722300000)
  from space 20992K, 0% used [0x0000000723780000,0x0000000723780000,0x0000000724c00000)
  to   space 20992K, 0% used [0x0000000722300000,0x0000000722300000,0x0000000723780000)
 ParOldGen       total 339968K, used 0K [0x00000005cf200000, 0x00000005e3e00000, 0x000000071a600000)
  object space 339968K, 0% used [0x00000005cf200000,0x00000005cf200000,0x00000005e3e00000)
 Metaspace       used 15721K, capacity 15918K, committed 16000K, reserved 1062912K
  class space    used 1783K, capacity 1877K, committed 1920K, reserved 1048576K
Event: 1.365 GC heap after
Heap after GC invocations=1 (full 0):
 PSYoungGen      total 148992K, used 19410K [0x000000071a600000, 0x0000000724c00000, 0x00000007c0000000)
  eden space 128000K, 0% used [0x000000071a600000,0x000000071a600000,0x0000000722300000)
  from space 20992K, 92% used [0x0000000722300000,0x00000007235f4ad0,0x0000000723780000)
  to   space 20992K, 0% used [0x0000000723780000,0x0000000723780000,0x0000000724c00000)
 ParOldGen       total 339968K, used 16K [0x00000005cf200000, 0x00000005e3e00000, 0x000000071a600000)
  object space 339968K, 0% used [0x00000005cf200000,0x00000005cf204000,0x00000005e3e00000)
 Metaspace       used 15721K, capacity 15918K, committed 16000K, reserved 1062912K
  class space    used 1783K, capacity 1877K, committed 1920K, reserved 1048576K
}
Event: 2.245 GC heap before
{Heap before GC invocations=2 (full 0):
 PSYoungGen      total 148992K, used 141266K [0x000000071a600000, 0x0000000724c00000, 0x00000007c0000000)
  eden space 128000K, 95% used [0x000000071a600000,0x0000000721d00048,0x0000000722300000)
  from space 20992K, 92% used [0x0000000722300000,0x00000007235f4ad0,0x0000000723780000)
  to   space 20992K, 0% used [0x0000000723780000,0x0000000723780000,0x0000000724c00000)
 ParOldGen       total 339968K, used 16K [0x00000005cf200000, 0x00000005e3e00000, 0x000000071a600000)
  object space 339968K, 0% used [0x00000005cf200000,0x00000005cf204000,0x00000005e3e00000)
 Metaspace       used 20616K, capacity 21050K, committed 21248K, reserved 1069056K
  class space    used 2324K, capacity 2457K, committed 2560K, reserved 1048576K
Event: 2.264 GC heap after
Heap after GC invocations=2 (full 0):
 PSYoungGen      total 148992K, used 20574K [0x000000071a600000, 0x000000072c900000, 0x00000007c0000000)
  eden space 128000K, 0% used [0x000000071a600000,0x000000071a600000,0x0000000722300000)
  from space 20992K, 98% used [0x0000000723780000,0x0000000724b97b40,0x0000000724c00000)
  to   space 20992K, 0% used [0x0000000722300000,0x0000000722300000,0x0000000723780000)
 ParOldGen       total 339968K, used 96K [0x00000005cf200000, 0x00000005e3e00000, 0x000000071a600000)
  object space 339968K, 0% used [0x00000005cf200000,0x00000005cf218010,0x00000005e3e00000)
 Metaspace       used 20616K, capacity 21050K, committed 21248K, reserved 1069056K
  class space    used 2324K, capacity 2457K, committed 2560K, reserved 1048576K
}
Event: 2.264 GC heap before
{Heap before GC invocations=3 (full 1):
 PSYoungGen      total 148992K, used 20574K [0x000000071a600000, 0x000000072c900000, 0x00000007c0000000)
  eden space 128000K, 0% used [0x000000071a600000,0x000000071a600000,0x0000000722300000)
  from space 20992K, 98% used [0x0000000723780000,0x0000000724b97b40,0x0000000724c00000)
  to   space 20992K, 0% used [0x0000000722300000,0x0000000722300000,0x0000000723780000)
 ParOldGen       total 339968K, used 96K [0x00000005cf200000, 0x00000005e3e00000, 0x000000071a600000)
  object space 339968K, 0% used [0x00000005cf200000,0x00000005cf218010,0x00000005e3e00000)
 Metaspace       used 20616K, capacity 21050K, committed 21248K, reserved 1069056K
  class space    used 2324K, capacity 2457K, committed 2560K, reserved 1048576K
Event: 2.323 GC heap after
Heap after GC invocations=3 (full 1):
 PSYoungGen      total 148992K, used 0K [0x000000071a600000, 0x000000072c900000, 0x00000007c0000000)
  eden space 128000K, 0% used [0x000000071a600000,0x000000071a600000,0x0000000722300000)
  from space 20992K, 0% used [0x0000000723780000,0x0000000723780000,0x0000000724c00000)
  to   space 20992K, 0% used [0x0000000722300000,0x0000000722300000,0x0000000723780000)
 ParOldGen       total 228352K, used 20351K [0x00000005cf200000, 0x00000005dd100000, 0x000000071a600000)
  object space 228352K, 8% used [0x00000005cf200000,0x00000005d05dfc70,0x00000005dd100000)
 Metaspace       used 20616K, capacity 21050K, committed 21248K, reserved 1069056K
  class space    used 2324K, capacity 2457K, committed 2560K, reserved 1048576K
}
Event: 3.300 GC heap before
{Heap before GC invocations=4 (full 1):
 PSYoungGen      total 148992K, used 128000K [0x000000071a600000, 0x000000072c900000, 0x00000007c0000000)
  eden space 128000K, 100% used [0x000000071a600000,0x0000000722300000,0x0000000722300000)
  from space 20992K, 0% used [0x0000000723780000,0x0000000723780000,0x0000000724c00000)
  to   space 20992K, 0% used [0x0000000722300000,0x0000000722300000,0x0000000723780000)
 ParOldGen       total 228352K, used 20351K [0x00000005cf200000, 0x00000005dd100000, 0x000000071a600000)
  object space 228352K, 8% used [0x00000005cf200000,0x00000005d05dfc70,0x00000005dd100000)
 Metaspace       used 24797K, capacity 25514K, committed 25600K, reserved 1071104K
  class space    used 2782K, capacity 2990K, committed 3072K, reserved 1048576K
Event: 3.312 GC heap after
Heap after GC invocations=4 (full 1):
 PSYoungGen      total 148992K, used 8587K [0x000000071a600000, 0x0000000727880000, 0x00000007c0000000)
  eden space 128000K, 0% used [0x000000071a600000,0x000000071a600000,0x0000000722300000)
  from space 20992K, 40% used [0x0000000722300000,0x0000000722b62e40,0x0000000723780000)
  to   space 20992K, 0% used [0x0000000726400000,0x0000000726400000,0x0000000727880000)
 ParOldGen       total 228352K, used 20359K [0x00000005cf200000, 0x00000005dd100000, 0x000000071a600000)
  object space 228352K, 8% used [0x00000005cf200000,0x00000005d05e1c70,0x00000005dd100000)
 Metaspace       used 24797K, capacity 25514K, committed 25600K, reserved 1071104K
  class space    used 2782K, capacity 2990K, committed 3072K, reserved 1048576K
}
Event: 4.128 GC heap before
{Heap before GC invocations=5 (full 1):
 PSYoungGen      total 148992K, used 136587K [0x000000071a600000, 0x0000000727880000, 0x00000007c0000000)
  eden space 128000K, 100% used [0x000000071a600000,0x0000000722300000,0x0000000722300000)
  from space 20992K, 40% used [0x0000000722300000,0x0000000722b62e40,0x0000000723780000)
  to   space 20992K, 0% used [0x0000000726400000,0x0000000726400000,0x0000000727880000)
 ParOldGen       total 228352K, used 20359K [0x00000005cf200000, 0x00000005dd100000, 0x000000071a600000)
  object space 228352K, 8% used [0x00000005cf200000,0x00000005d05e1c70,0x00000005dd100000)
 Metaspace       used 28763K, capacity 29632K, committed 29824K, reserved 1075200K
  class space    used 3326K, capacity 3610K, committed 3712K, reserved 1048576K
Event: 4.145 GC heap after
Heap after GC invocations=5 (full 1):
 PSYoungGen      total 194560K, used 14890K [0x000000071a600000, 0x0000000727b80000, 0x00000007c0000000)
  eden space 173568K, 0% used [0x000000071a600000,0x000000071a600000,0x0000000724f80000)
  from space 20992K, 70% used [0x0000000726400000,0x000000072728a9e0,0x0000000727880000)
  to   space 20992K, 0% used [0x0000000724f80000,0x0000000724f80000,0x0000000726400000)
 ParOldGen       total 228352K, used 20367K [0x00000005cf200000, 0x00000005dd100000, 0x000000071a600000)
  object space 228352K, 8% used [0x00000005cf200000,0x00000005d05e3c70,0x00000005dd100000)
 Metaspace       used 28763K, capacity 29632K, committed 29824K, reserved 1075200K
  class space    used 3326K, capacity 3610K, committed 3712K, reserved 1048576K
}
Event: 4.883 GC heap before
{Heap before GC invocations=6 (full 1):
 PSYoungGen      total 194560K, used 122546K [0x000000071a600000, 0x0000000727b80000, 0x00000007c0000000)
  eden space 173568K, 62% used [0x000000071a600000,0x0000000720f21e38,0x0000000724f80000)
  from space 20992K, 70% used [0x0000000726400000,0x000000072728a9e0,0x0000000727880000)
  to   space 20992K, 0% used [0x0000000724f80000,0x0000000724f80000,0x0000000726400000)
 ParOldGen       total 228352K, used 20367K [0x00000005cf200000, 0x00000005dd100000, 0x000000071a600000)
  object space 228352K, 8% used [0x00000005cf200000,0x00000005d05e3c70,0x00000005dd100000)
 Metaspace       used 34151K, capacity 35322K, committed 35416K, reserved 1081344K
  class space    used 4010K, capacity 4473K, committed 4480K, reserved 1048576K
Event: 4.892 GC heap after
Heap after GC invocations=6 (full 1):
 PSYoungGen      total 194560K, used 16407K [0x000000071a600000, 0x000000072b800000, 0x00000007c0000000)
  eden space 173568K, 0% used [0x000000071a600000,0x000000071a600000,0x0000000724f80000)
  from space 20992K, 78% used [0x0000000724f80000,0x0000000725f85f48,0x0000000726400000)
  to   space 22016K, 0% used [0x000000072a280000,0x000000072a280000,0x000000072b800000)
 ParOldGen       total 228352K, used 20375K [0x00000005cf200000, 0x00000005dd100000, 0x000000071a600000)
  object space 228352K, 8% used [0x00000005cf200000,0x00000005d05e5c70,0x00000005dd100000)
 Metaspace       used 34151K, capacity 35322K, committed 35416K, reserved 1081344K
  class space    used 4010K, capacity 4473K, committed 4480K, reserved 1048576K
}
Event: 4.892 GC heap before
{Heap before GC invocations=7 (full 2):
 PSYoungGen      total 194560K, used 16407K [0x000000071a600000, 0x000000072b800000, 0x00000007c0000000)
  eden space 173568K, 0% used [0x000000071a600000,0x000000071a600000,0x0000000724f80000)
  from space 20992K, 78% used [0x0000000724f80000,0x0000000725f85f48,0x0000000726400000)
  to   space 22016K, 0% used [0x000000072a280000,0x000000072a280000,0x000000072b800000)
 ParOldGen       total 228352K, used 20375K [0x00000005cf200000, 0x00000005dd100000, 0x000000071a600000)
  object space 228352K, 8% used [0x00000005cf200000,0x00000005d05e5c70,0x00000005dd100000)
 Metaspace       used 34151K, capacity 35322K, committed 35416K, reserved 1081344K
  class space    used 4010K, capacity 4473K, committed 4480K, reserved 1048576K
Event: 4.943 GC heap after
Heap after GC invocations=7 (full 2):
 PSYoungGen      total 194560K, used 0K [0x000000071a600000, 0x000000072b800000, 0x00000007c0000000)
  eden space 173568K, 0% used [0x000000071a600000,0x000000071a600000,0x0000000724f80000)
  from space 20992K, 0% used [0x0000000724f80000,0x0000000724f80000,0x0000000726400000)
  to   space 22016K, 0% used [0x000000072a280000,0x000000072a280000,0x000000072b800000)
 ParOldGen       total 367104K, used 31801K [0x00000005cf200000, 0x00000005e5880000, 0x000000071a600000)
  object space 367104K, 8% used [0x00000005cf200000,0x00000005d110e4c8,0x00000005e5880000)
 Metaspace       used 34151K, capacity 35322K, committed 35416K, reserved 1081344K
  class space    used 4010K, capacity 4473K, committed 4480K, reserved 1048576K
}

